[debug] ----------------------------------------------------------------------
[debug] Command:      C:\Program Files\nodejs\node.exe C:\Users\lizz_pb\AppData\Roaming\npm\node_modules\firebase-tools\bin\firebase serve
[debug] CLI Version:  3.7.0
[debug] Platform:     win32
[debug] Node Version: v6.10.2
[debug] Time:         Thu May 11 2017 07:33:31 GMT-0500 (Hora de verano central (México))
[debug] ----------------------------------------------------------------------
[debug] 
[debug] > command requires scopes: ["email","openid","https://www.googleapis.com/auth/cloudplatformprojects.readonly","https://www.googleapis.com/auth/firebase","https://www.googleapis.com/auth/cloud-platform"]
[debug] > refreshing access token with scopes: ["email","https://www.googleapis.com/auth/cloud-platform","https://www.googleapis.com/auth/cloudplatformprojects.readonly","https://www.googleapis.com/auth/firebase","openid"]
[debug] >>> HTTP REQUEST POST https://www.googleapis.com/oauth2/v3/token { refresh_token: '1/CnF9C8xKH6kNrN8GfhhPcqWR51zzPUj0-ZZQZ053wRo',
  client_id: '563584335869-fgrhgmd47bqnekij5i8b5pr03ho849e6.apps.googleusercontent.com',
  client_secret: 'j9iVZfS8kkCEFUPaAeJV0sAi',
  grant_type: 'refresh_token',
  scope: 'email https://www.googleapis.com/auth/cloud-platform https://www.googleapis.com/auth/cloudplatformprojects.readonly https://www.googleapis.com/auth/firebase openid' } 
 Thu May 11 2017 07:33:31 GMT-0500 (Hora de verano central (México))
[debug] <<< HTTP RESPONSE 200
[debug] >>> HTTP REQUEST GET https://admin.firebase.com/v1/projects/chat-2bd23  
 Thu May 11 2017 07:33:31 GMT-0500 (Hora de verano central (México))
[debug] <<< HTTP RESPONSE 200
[debug] >>> HTTP REQUEST GET https://admin.firebase.com/v1/database/chat-2bd23/tokens  
 Thu May 11 2017 07:33:32 GMT-0500 (Hora de verano central (México))
[debug] <<< HTTP RESPONSE 200
[info] Starting Firebase development server...
[info] 
[info] Project Directory: C:\Users\lizz_pb\Desktop\FirebaseAppRestaurante\public
[debug] >>> HTTP REQUEST GET https://cloudresourcemanager.googleapis.com/v1/projects/chat-2bd23  
 Thu May 11 2017 07:33:33 GMT-0500 (Hora de verano central (México))
[debug] <<< HTTP RESPONSE 200
[debug] >>> HTTP REQUEST GET https://mobilesdk-pa.googleapis.com/v1/projects/647449019098/clients/_:getWebAppConfig  
 Thu May 11 2017 07:33:33 GMT-0500 (Hora de verano central (México))
[debug] <<< HTTP RESPONSE 200
[info] Public Directory: ./
[info] 
[info] Server listening at: http://localhost:5000
